

Error log timestamp Monday 03/05/12 03:30:49 PM

Runtime error: Input past end of file: #LUMBER.DAT

Error(Exception)>>defaultAction
Error(Exception)>>activateHandler: <anUndefinedObject> 
Error(Exception)>>handle
Error(Exception)>>signal
Error class(Exception class)>>signal: <'Input past end of fi...'> 
BasicProgram(Object)>>error: <'Input past end of fi...'> 
BasicProgram>>terminateRun: <anError> 
[] in BasicProgram>>errorHandlerBlock
ExceptionHandler>>evaluateResponseBlock: <aBlockClosure> for: <anError> 
[] in ExceptionHandler>>handle:
ProtectedFrameMarker(BlockClosure)>>setUnwind: <aBlockClosure> 
BlockClosure>>invisibleEnsure: <aBlockClosure> 
ExceptionHandler>>handle: <anError> 
ExceptionHandler>>findHandler: <anError> 
Error(Exception)>>activateHandler: <anExceptionHandler> 
Error(Exception)>>handle
Error(Exception)>>signal
Error class(Exception class)>>signal: <'Input past end of fi...'> 
[] in InputCommand>>using:
BlockClosure>>value: <aBasicProgram> value: <'#LUMBER.DAT'> value: <'ItemNum'> 
BasicTripleParameterContextHolder>>value
[] in BasicProgram>>begin
ExceptionHandler>>evaluateProtectedBlock: <aBlockClosure> 
[] in ExceptionHandler>>activateDuring:
ProtectedFrameMarker(BlockClosure)>>setUnwind: <aBlockClosure> 
BlockClosure>>invisibleEnsure: <aBlockClosure> 
ExceptionHandler>>activateDuring: <aBlockClosure> 
ExceptionHandler class>>handle: <anError class> with: <aBlockClosure> during: <aBlockClosure> 
BlockClosure>>on: <anError class> do: <aBlockClosure> 
BasicProgram>>begin
BasicProgram>>run
[] in BasicSourcePane>>run
BasicCompiler class>>compileFromString: <'REM Timothy Lee
REM...'> notify: <aBasicSourcePane> ifSuccess: <aBlockClosure> 
BasicSourcePane>>run
BasicSourceWindow>>run
BasicEditorModel>>run: <aToolbarButton> 
ToolbarButton>>triggerClickedEvent
Message>>perform
NotificationManager>>runPendingEvents
NotificationManager>>runEventLoop
Message>>perform
Message>>evaluate
Process>>safelyEvaluate: <aMessage> 
Process>>evaluate: <aMessage> 


Error log timestamp Monday 03/05/12 03:31:43 PM

Runtime error: Input past end of file: #LUMBER.DAT

Error(Exception)>>defaultAction
Error(Exception)>>activateHandler: <anUndefinedObject> 
Error(Exception)>>handle
Error(Exception)>>signal
Error class(Exception class)>>signal: <'Input past end of fi...'> 
BasicProgram(Object)>>error: <'Input past end of fi...'> 
BasicProgram>>terminateRun: <anError> 
[] in BasicProgram>>errorHandlerBlock
ExceptionHandler>>evaluateResponseBlock: <aBlockClosure> for: <anError> 
[] in ExceptionHandler>>handle:
ProtectedFrameMarker(BlockClosure)>>setUnwind: <aBlockClosure> 
BlockClosure>>invisibleEnsure: <aBlockClosure> 
ExceptionHandler>>handle: <anError> 
ExceptionHandler>>findHandler: <anError> 
Error(Exception)>>activateHandler: <anExceptionHandler> 
Error(Exception)>>handle
Error(Exception)>>signal
Error class(Exception class)>>signal: <'Input past end of fi...'> 
[] in InputCommand>>using:
BlockClosure>>value: <aBasicProgram> value: <'#LUMBER.DAT'> value: <'ItemNum'> 
BasicTripleParameterContextHolder>>value
[] in BasicProgram>>begin
ExceptionHandler>>evaluateProtectedBlock: <aBlockClosure> 
[] in ExceptionHandler>>activateDuring:
ProtectedFrameMarker(BlockClosure)>>setUnwind: <aBlockClosure> 
BlockClosure>>invisibleEnsure: <aBlockClosure> 
ExceptionHandler>>activateDuring: <aBlockClosure> 
ExceptionHandler class>>handle: <anError class> with: <aBlockClosure> during: <aBlockClosure> 
BlockClosure>>on: <anError class> do: <aBlockClosure> 
BasicProgram>>begin
BasicProgram>>run
[] in BasicSourcePane>>run
BasicCompiler class>>compileFromString: <'REM Timothy Lee
REM...'> notify: <aBasicSourcePane> ifSuccess: <aBlockClosure> 
BasicSourcePane>>run
BasicSourceWindow>>run
BasicEditorModel>>run: <aToolbarButton> 
ToolbarButton>>triggerClickedEvent
Message>>perform
NotificationManager>>runPendingEvents
NotificationManager>>runEventLoop
Message>>perform
Message>>evaluate
Process>>safelyEvaluate: <aMessage> 
Process>>evaluate: <aMessage> 


Error log timestamp Monday 03/05/12 03:32:06 PM

Runtime error: Input past end of file: #LUMBER.DAT

Error(Exception)>>defaultAction
Error(Exception)>>activateHandler: <anUndefinedObject> 
Error(Exception)>>handle
Error(Exception)>>signal
Error class(Exception class)>>signal: <'Input past end of fi...'> 
BasicProgram(Object)>>error: <'Input past end of fi...'> 
BasicProgram>>terminateRun: <anError> 
[] in BasicProgram>>errorHandlerBlock
ExceptionHandler>>evaluateResponseBlock: <aBlockClosure> for: <anError> 
[] in ExceptionHandler>>handle:
ProtectedFrameMarker(BlockClosure)>>setUnwind: <aBlockClosure> 
BlockClosure>>invisibleEnsure: <aBlockClosure> 
ExceptionHandler>>handle: <anError> 
ExceptionHandler>>findHandler: <anError> 
Error(Exception)>>activateHandler: <anExceptionHandler> 
Error(Exception)>>handle
Error(Exception)>>signal
Error class(Exception class)>>signal: <'Input past end of fi...'> 
[] in InputCommand>>using:
BlockClosure>>value: <aBasicProgram> value: <'#LUMBER.DAT'> value: <'ItemNum'> 
BasicTripleParameterContextHolder>>value
[] in BasicProgram>>begin
ExceptionHandler>>evaluateProtectedBlock: <aBlockClosure> 
[] in ExceptionHandler>>activateDuring:
ProtectedFrameMarker(BlockClosure)>>setUnwind: <aBlockClosure> 
BlockClosure>>invisibleEnsure: <aBlockClosure> 
ExceptionHandler>>activateDuring: <aBlockClosure> 
ExceptionHandler class>>handle: <anError class> with: <aBlockClosure> during: <aBlockClosure> 
BlockClosure>>on: <anError class> do: <aBlockClosure> 
BasicProgram>>begin
BasicProgram>>run
[] in BasicSourcePane>>run
BasicCompiler class>>compileFromString: <'REM Timothy Lee
REM...'> notify: <aBasicSourcePane> ifSuccess: <aBlockClosure> 
BasicSourcePane>>run
BasicSourceWindow>>run
BasicEditorModel>>run: <aToolbarButton> 
ToolbarButton>>triggerClickedEvent
Message>>perform
NotificationManager>>runPendingEvents
NotificationManager>>runEventLoop
Message>>perform
Message>>evaluate
Process>>safelyEvaluate: <aMessage> 
Process>>evaluate: <aMessage> 


Error log timestamp Monday 03/05/12 03:32:28 PM

Runtime error: Input past end of file: #LUMBER.DAT

Error(Exception)>>defaultAction
Error(Exception)>>activateHandler: <anUndefinedObject> 
Error(Exception)>>handle
Error(Exception)>>signal
Error class(Exception class)>>signal: <'Input past end of fi...'> 
BasicProgram(Object)>>error: <'Input past end of fi...'> 
BasicProgram>>terminateRun: <anError> 
[] in BasicProgram>>errorHandlerBlock
ExceptionHandler>>evaluateResponseBlock: <aBlockClosure> for: <anError> 
[] in ExceptionHandler>>handle:
ProtectedFrameMarker(BlockClosure)>>setUnwind: <aBlockClosure> 
BlockClosure>>invisibleEnsure: <aBlockClosure> 
ExceptionHandler>>handle: <anError> 
ExceptionHandler>>findHandler: <anError> 
Error(Exception)>>activateHandler: <anExceptionHandler> 
Error(Exception)>>handle
Error(Exception)>>signal
Error class(Exception class)>>signal: <'Input past end of fi...'> 
[] in InputCommand>>using:
BlockClosure>>value: <aBasicProgram> value: <'#LUMBER.DAT'> value: <'ItemNum'> 
BasicTripleParameterContextHolder>>value
[] in BasicProgram>>begin
ExceptionHandler>>evaluateProtectedBlock: <aBlockClosure> 
[] in ExceptionHandler>>activateDuring:
ProtectedFrameMarker(BlockClosure)>>setUnwind: <aBlockClosure> 
BlockClosure>>invisibleEnsure: <aBlockClosure> 
ExceptionHandler>>activateDuring: <aBlockClosure> 
ExceptionHandler class>>handle: <anError class> with: <aBlockClosure> during: <aBlockClosure> 
BlockClosure>>on: <anError class> do: <aBlockClosure> 
BasicProgram>>begin
BasicProgram>>run
[] in BasicSourcePane>>run
BasicCompiler class>>compileFromString: <'REM Timothy Lee
REM...'> notify: <aBasicSourcePane> ifSuccess: <aBlockClosure> 
BasicSourcePane>>run
BasicSourceWindow>>run
BasicEditorModel>>run: <aToolbarButton> 
ToolbarButton>>triggerClickedEvent
Message>>perform
NotificationManager>>runPendingEvents
NotificationManager>>runEventLoop
Message>>perform
Message>>evaluate
Process>>safelyEvaluate: <aMessage> 
Process>>evaluate: <aMessage> 


Error log timestamp Monday 03/05/12 03:33:23 PM

Runtime error: Input past end of file: #LUMBER.DAT

Error(Exception)>>defaultAction
Error(Exception)>>activateHandler: <anUndefinedObject> 
Error(Exception)>>handle
Error(Exception)>>signal
Error class(Exception class)>>signal: <'Input past end of fi...'> 
BasicProgram(Object)>>error: <'Input past end of fi...'> 
BasicProgram>>terminateRun: <anError> 
[] in BasicProgram>>errorHandlerBlock
ExceptionHandler>>evaluateResponseBlock: <aBlockClosure> for: <anError> 
[] in ExceptionHandler>>handle:
ProtectedFrameMarker(BlockClosure)>>setUnwind: <aBlockClosure> 
BlockClosure>>invisibleEnsure: <aBlockClosure> 
ExceptionHandler>>handle: <anError> 
ExceptionHandler>>findHandler: <anError> 
Error(Exception)>>activateHandler: <anExceptionHandler> 
Error(Exception)>>handle
Error(Exception)>>signal
Error class(Exception class)>>signal: <'Input past end of fi...'> 
[] in InputCommand>>using:
BlockClosure>>value: <aBasicProgram> value: <'#LUMBER.DAT'> value: <'ItemNum'> 
BasicTripleParameterContextHolder>>value
[] in BasicProgram>>begin
ExceptionHandler>>evaluateProtectedBlock: <aBlockClosure> 
[] in ExceptionHandler>>activateDuring:
ProtectedFrameMarker(BlockClosure)>>setUnwind: <aBlockClosure> 
BlockClosure>>invisibleEnsure: <aBlockClosure> 
ExceptionHandler>>activateDuring: <aBlockClosure> 
ExceptionHandler class>>handle: <anError class> with: <aBlockClosure> during: <aBlockClosure> 
BlockClosure>>on: <anError class> do: <aBlockClosure> 
BasicProgram>>begin
BasicProgram>>run
[] in BasicSourcePane>>run
BasicCompiler class>>compileFromString: <'REM Timothy Lee
REM...'> notify: <aBasicSourcePane> ifSuccess: <aBlockClosure> 
BasicSourcePane>>run
BasicSourceWindow>>run
BasicEditorModel>>run: <aToolbarButton> 
ToolbarButton>>triggerClickedEvent
Message>>perform
NotificationManager>>runPendingEvents
NotificationManager>>runEventLoop
Message>>perform
Message>>evaluate
Process>>safelyEvaluate: <aMessage> 
Process>>evaluate: <aMessage> 


Error log timestamp Monday 03/05/12 03:34:52 PM

Runtime error: Input past end of file: #LUMBER.DAT

Error(Exception)>>defaultAction
Error(Exception)>>activateHandler: <anUndefinedObject> 
Error(Exception)>>handle
Error(Exception)>>signal
Error class(Exception class)>>signal: <'Input past end of fi...'> 
BasicProgram(Object)>>error: <'Input past end of fi...'> 
BasicProgram>>terminateRun: <anError> 
[] in BasicProgram>>errorHandlerBlock
ExceptionHandler>>evaluateResponseBlock: <aBlockClosure> for: <anError> 
[] in ExceptionHandler>>handle:
ProtectedFrameMarker(BlockClosure)>>setUnwind: <aBlockClosure> 
BlockClosure>>invisibleEnsure: <aBlockClosure> 
ExceptionHandler>>handle: <anError> 
ExceptionHandler>>findHandler: <anError> 
Error(Exception)>>activateHandler: <anExceptionHandler> 
Error(Exception)>>handle
Error(Exception)>>signal
Error class(Exception class)>>signal: <'Input past end of fi...'> 
[] in InputCommand>>using:
BlockClosure>>value: <aBasicProgram> value: <'#LUMBER.DAT'> value: <'ItemNum'> 
BasicTripleParameterContextHolder>>value
[] in BasicProgram>>begin
ExceptionHandler>>evaluateProtectedBlock: <aBlockClosure> 
[] in ExceptionHandler>>activateDuring:
ProtectedFrameMarker(BlockClosure)>>setUnwind: <aBlockClosure> 
BlockClosure>>invisibleEnsure: <aBlockClosure> 
ExceptionHandler>>activateDuring: <aBlockClosure> 
ExceptionHandler class>>handle: <anError class> with: <aBlockClosure> during: <aBlockClosure> 
BlockClosure>>on: <anError class> do: <aBlockClosure> 
BasicProgram>>begin
BasicProgram>>run
[] in BasicSourcePane>>run
BasicCompiler class>>compileFromString: <'REM Timothy Lee
REM...'> notify: <aBasicSourcePane> ifSuccess: <aBlockClosure> 
BasicSourcePane>>run
BasicSourceWindow>>run
BasicEditorModel>>run: <aToolbarButton> 
ToolbarButton>>triggerClickedEvent
Message>>perform
NotificationManager>>runPendingEvents
NotificationManager>>runEventLoop
Message>>perform
Message>>evaluate
Process>>safelyEvaluate: <aMessage> 
Process>>evaluate: <aMessage> 


Error log timestamp Monday 03/05/12 03:35:43 PM

Runtime error: Input past end of file: #LUMBER.DAT

Error(Exception)>>defaultAction
Error(Exception)>>activateHandler: <anUndefinedObject> 
Error(Exception)>>handle
Error(Exception)>>signal
Error class(Exception class)>>signal: <'Input past end of fi...'> 
BasicProgram(Object)>>error: <'Input past end of fi...'> 
BasicProgram>>terminateRun: <anError> 
[] in BasicProgram>>errorHandlerBlock
ExceptionHandler>>evaluateResponseBlock: <aBlockClosure> for: <anError> 
[] in ExceptionHandler>>handle:
ProtectedFrameMarker(BlockClosure)>>setUnwind: <aBlockClosure> 
BlockClosure>>invisibleEnsure: <aBlockClosure> 
ExceptionHandler>>handle: <anError> 
ExceptionHandler>>findHandler: <anError> 
Error(Exception)>>activateHandler: <anExceptionHandler> 
Error(Exception)>>handle
Error(Exception)>>signal
Error class(Exception class)>>signal: <'Input past end of fi...'> 
[] in InputCommand>>using:
BlockClosure>>value: <aBasicProgram> value: <'#LUMBER.DAT'> value: <'ItemNum'> 
BasicTripleParameterContextHolder>>value
[] in BasicProgram>>begin
ExceptionHandler>>evaluateProtectedBlock: <aBlockClosure> 
[] in ExceptionHandler>>activateDuring:
ProtectedFrameMarker(BlockClosure)>>setUnwind: <aBlockClosure> 
BlockClosure>>invisibleEnsure: <aBlockClosure> 
ExceptionHandler>>activateDuring: <aBlockClosure> 
ExceptionHandler class>>handle: <anError class> with: <aBlockClosure> during: <aBlockClosure> 
BlockClosure>>on: <anError class> do: <aBlockClosure> 
BasicProgram>>begin
BasicProgram>>run
[] in BasicSourcePane>>run
BasicCompiler class>>compileFromString: <'REM Timothy Lee
REM...'> notify: <aBasicSourcePane> ifSuccess: <aBlockClosure> 
BasicSourcePane>>run
BasicSourceWindow>>run
BasicEditorModel>>run: <aToolbarButton> 
ToolbarButton>>triggerClickedEvent
Message>>perform
NotificationManager>>runPendingEvents
NotificationManager>>runEventLoop
Message>>perform
Message>>evaluate
Process>>safelyEvaluate: <aMessage> 
Process>>evaluate: <aMessage> 


Error log timestamp Monday 03/05/12 03:37:00 PM

Runtime error: Input past end of file: #LUMBER.DAT

Error(Exception)>>defaultAction
Error(Exception)>>activateHandler: <anUndefinedObject> 
Error(Exception)>>handle
Error(Exception)>>signal
Error class(Exception class)>>signal: <'Input past end of fi...'> 
BasicProgram(Object)>>error: <'Input past end of fi...'> 
BasicProgram>>terminateRun: <anError> 
[] in BasicProgram>>errorHandlerBlock
ExceptionHandler>>evaluateResponseBlock: <aBlockClosure> for: <anError> 
[] in ExceptionHandler>>handle:
ProtectedFrameMarker(BlockClosure)>>setUnwind: <aBlockClosure> 
BlockClosure>>invisibleEnsure: <aBlockClosure> 
ExceptionHandler>>handle: <anError> 
ExceptionHandler>>findHandler: <anError> 
Error(Exception)>>activateHandler: <anExceptionHandler> 
Error(Exception)>>handle
Error(Exception)>>signal
Error class(Exception class)>>signal: <'Input past end of fi...'> 
[] in InputCommand>>using:
BlockClosure>>value: <aBasicProgram> value: <'#LUMBER.DAT'> value: <'Length'> 
BasicTripleParameterContextHolder>>value
[] in BasicProgram>>begin
ExceptionHandler>>evaluateProtectedBlock: <aBlockClosure> 
[] in ExceptionHandler>>activateDuring:
ProtectedFrameMarker(BlockClosure)>>setUnwind: <aBlockClosure> 
BlockClosure>>invisibleEnsure: <aBlockClosure> 
ExceptionHandler>>activateDuring: <aBlockClosure> 
ExceptionHandler class>>handle: <anError class> with: <aBlockClosure> during: <aBlockClosure> 
BlockClosure>>on: <anError class> do: <aBlockClosure> 
BasicProgram>>begin
BasicProgram>>run
[] in BasicSourcePane>>run
BasicCompiler class>>compileFromString: <'REM Timothy Lee
REM...'> notify: <aBasicSourcePane> ifSuccess: <aBlockClosure> 
BasicSourcePane>>run
BasicSourceWindow>>run
BasicEditorModel>>run: <aToolbarButton> 
ToolbarButton>>triggerClickedEvent
Message>>perform
NotificationManager>>runPendingEvents
NotificationManager>>runEventLoop
Message>>perform
Message>>evaluate
Process>>safelyEvaluate: <aMessage> 
Process>>evaluate: <aMessage> 


Error log timestamp Monday 03/05/12 03:37:50 PM

Runtime error: Input past end of file: #LUMBER.DAT

Error(Exception)>>defaultAction
Error(Exception)>>activateHandler: <anUndefinedObject> 
Error(Exception)>>handle
Error(Exception)>>signal
Error class(Exception class)>>signal: <'Input past end of fi...'> 
BasicProgram(Object)>>error: <'Input past end of fi...'> 
BasicProgram>>terminateRun: <anError> 
[] in BasicProgram>>errorHandlerBlock
ExceptionHandler>>evaluateResponseBlock: <aBlockClosure> for: <anError> 
[] in ExceptionHandler>>handle:
ProtectedFrameMarker(BlockClosure)>>setUnwind: <aBlockClosure> 
BlockClosure>>invisibleEnsure: <aBlockClosure> 
ExceptionHandler>>handle: <anError> 
ExceptionHandler>>findHandler: <anError> 
Error(Exception)>>activateHandler: <anExceptionHandler> 
Error(Exception)>>handle
Error(Exception)>>signal
Error class(Exception class)>>signal: <'Input past end of fi...'> 
[] in InputCommand>>using:
BlockClosure>>value: <aBasicProgram> value: <'#LUMBER.DAT'> value: <'ItemNum'> 
BasicTripleParameterContextHolder>>value
[] in BasicProgram>>begin
ExceptionHandler>>evaluateProtectedBlock: <aBlockClosure> 
[] in ExceptionHandler>>activateDuring:
ProtectedFrameMarker(BlockClosure)>>setUnwind: <aBlockClosure> 
BlockClosure>>invisibleEnsure: <aBlockClosure> 
ExceptionHandler>>activateDuring: <aBlockClosure> 
ExceptionHandler class>>handle: <anError class> with: <aBlockClosure> during: <aBlockClosure> 
BlockClosure>>on: <anError class> do: <aBlockClosure> 
BasicProgram>>begin
BasicProgram>>run
[] in BasicSourcePane>>run
BasicCompiler class>>compileFromString: <'REM Timothy Lee
REM...'> notify: <aBasicSourcePane> ifSuccess: <aBlockClosure> 
BasicSourcePane>>run
BasicSourceWindow>>run
BasicEditorModel>>run: <aToolbarButton> 
ToolbarButton>>triggerClickedEvent
Message>>perform
NotificationManager>>runPendingEvents
NotificationManager>>runEventLoop
Message>>perform
Message>>evaluate
Process>>safelyEvaluate: <aMessage> 
Process>>evaluate: <aMessage> 


Error log timestamp Monday 03/05/12 03:38:59 PM

Runtime error: Input past end of file: #LUMBER.DAT

Error(Exception)>>defaultAction
Error(Exception)>>activateHandler: <anUndefinedObject> 
Error(Exception)>>handle
Error(Exception)>>signal
Error class(Exception class)>>signal: <'Input past end of fi...'> 
BasicProgram(Object)>>error: <'Input past end of fi...'> 
BasicProgram>>terminateRun: <anError> 
[] in BasicProgram>>errorHandlerBlock
ExceptionHandler>>evaluateResponseBlock: <aBlockClosure> for: <anError> 
[] in ExceptionHandler>>handle:
ProtectedFrameMarker(BlockClosure)>>setUnwind: <aBlockClosure> 
BlockClosure>>invisibleEnsure: <aBlockClosure> 
ExceptionHandler>>handle: <anError> 
ExceptionHandler>>findHandler: <anError> 
Error(Exception)>>activateHandler: <anExceptionHandler> 
Error(Exception)>>handle
Error(Exception)>>signal
Error class(Exception class)>>signal: <'Input past end of fi...'> 
[] in InputCommand>>using:
BlockClosure>>value: <aBasicProgram> value: <'#LUMBER.DAT'> value: <'ItemNum'> 
BasicTripleParameterContextHolder>>value
[] in BasicProgram>>begin
ExceptionHandler>>evaluateProtectedBlock: <aBlockClosure> 
[] in ExceptionHandler>>activateDuring:
ProtectedFrameMarker(BlockClosure)>>setUnwind: <aBlockClosure> 
BlockClosure>>invisibleEnsure: <aBlockClosure> 
ExceptionHandler>>activateDuring: <aBlockClosure> 
ExceptionHandler class>>handle: <anError class> with: <aBlockClosure> during: <aBlockClosure> 
BlockClosure>>on: <anError class> do: <aBlockClosure> 
BasicProgram>>begin
BasicProgram>>run
[] in BasicSourcePane>>run
BasicCompiler class>>compileFromString: <'REM Timothy Lee
REM...'> notify: <aBasicSourcePane> ifSuccess: <aBlockClosure> 
BasicSourcePane>>run
BasicSourceWindow>>run
BasicEditorModel>>run: <aToolbarButton> 
BasicEditorModel(Object)>>perform: <#run:> with: <aToolbarButton> 
ToolbarButton>>triggerClickedEvent
Message>>perform
NotificationManager>>runPendingEvents
NotificationManager>>runEventLoop
Message>>perform
Message>>evaluate
Process>>safelyEvaluate: <aMessage> 
Process>>evaluate: <aMessage> 


Error log timestamp Monday 03/05/12 03:39:35 PM

Runtime error: Input past end of file: #LUMBER.DAT

Error(Exception)>>defaultAction
Error(Exception)>>activateHandler: <anUndefinedObject> 
Error(Exception)>>handle
Error(Exception)>>signal
Error class(Exception class)>>signal: <'Input past end of fi...'> 
BasicProgram(Object)>>error: <'Input past end of fi...'> 
BasicProgram>>terminateRun: <anError> 
[] in BasicProgram>>errorHandlerBlock
ExceptionHandler>>evaluateResponseBlock: <aBlockClosure> for: <anError> 
[] in ExceptionHandler>>handle:
ProtectedFrameMarker(BlockClosure)>>setUnwind: <aBlockClosure> 
BlockClosure>>invisibleEnsure: <aBlockClosure> 
ExceptionHandler>>handle: <anError> 
ExceptionHandler>>findHandler: <anError> 
Error(Exception)>>activateHandler: <anExceptionHandler> 
Error(Exception)>>handle
Error(Exception)>>signal
Error class(Exception class)>>signal: <'Input past end of fi...'> 
[] in InputCommand>>using:
BlockClosure>>value: <aBasicProgram> value: <'#LUMBER.DAT'> value: <'ItemNum'> 
BasicTripleParameterContextHolder>>value
[] in BasicProgram>>begin
ExceptionHandler>>evaluateProtectedBlock: <aBlockClosure> 
[] in ExceptionHandler>>activateDuring:
ProtectedFrameMarker(BlockClosure)>>setUnwind: <aBlockClosure> 
BlockClosure>>invisibleEnsure: <aBlockClosure> 
ExceptionHandler>>activateDuring: <aBlockClosure> 
ExceptionHandler class>>handle: <anError class> with: <aBlockClosure> during: <aBlockClosure> 
BlockClosure>>on: <anError class> do: <aBlockClosure> 
BasicProgram>>begin
BasicProgram>>run
[] in BasicSourcePane>>run
BasicCompiler class>>compileFromString: <'REM Timothy Lee
REM...'> notify: <aBasicSourcePane> ifSuccess: <aBlockClosure> 
BasicSourcePane>>run
BasicSourceWindow>>run
BasicEditorModel>>run: <aToolbarButton> 
ToolbarButton>>triggerClickedEvent
Message>>perform
NotificationManager>>runPendingEvents
NotificationManager>>runEventLoop
Message>>perform
Message>>evaluate
Process>>safelyEvaluate: <aMessage> 
Process>>evaluate: <aMessage> 


Error log timestamp Monday 03/05/12 03:41:26 PM

Runtime error: Input past end of file: #LUMBER.DAT

Error(Exception)>>defaultAction
Error(Exception)>>activateHandler: <anUndefinedObject> 
Error(Exception)>>handle
Error(Exception)>>signal
Error class(Exception class)>>signal: <'Input past end of fi...'> 
BasicProgram(Object)>>error: <'Input past end of fi...'> 
BasicProgram>>terminateRun: <anError> 
[] in BasicProgram>>errorHandlerBlock
ExceptionHandler>>evaluateResponseBlock: <aBlockClosure> for: <anError> 
[] in ExceptionHandler>>handle:
ProtectedFrameMarker(BlockClosure)>>setUnwind: <aBlockClosure> 
BlockClosure>>invisibleEnsure: <aBlockClosure> 
ExceptionHandler>>handle: <anError> 
ExceptionHandler>>findHandler: <anError> 
Error(Exception)>>activateHandler: <anExceptionHandler> 
Error(Exception)>>handle
Error(Exception)>>signal
Error class(Exception class)>>signal: <'Input past end of fi...'> 
[] in InputCommand>>using:
BlockClosure>>value: <aBasicProgram> value: <'#LUMBER.DAT'> value: <'ItemNum'> 
BasicTripleParameterContextHolder>>value
[] in BasicProgram>>begin
ExceptionHandler>>evaluateProtectedBlock: <aBlockClosure> 
[] in ExceptionHandler>>activateDuring:
ProtectedFrameMarker(BlockClosure)>>setUnwind: <aBlockClosure> 
BlockClosure>>invisibleEnsure: <aBlockClosure> 
ExceptionHandler>>activateDuring: <aBlockClosure> 
ExceptionHandler class>>handle: <anError class> with: <aBlockClosure> during: <aBlockClosure> 
BlockClosure>>on: <anError class> do: <aBlockClosure> 
BasicProgram>>begin
BasicProgram>>run
[] in BasicSourcePane>>run
BasicCompiler class>>compileFromString: <'REM Timothy Lee
REM...'> notify: <aBasicSourcePane> ifSuccess: <aBlockClosure> 
BasicSourcePane>>run
BasicSourceWindow>>run
BasicEditorModel>>run: <aToolbarButton> 
ToolbarButton>>triggerClickedEvent
Message>>perform
NotificationManager>>runPendingEvents
NotificationManager>>runEventLoop
Message>>perform
Message>>evaluate
Process>>safelyEvaluate: <aMessage> 
Process>>evaluate: <aMessage> 


Error log timestamp Monday 03/05/12 03:42:30 PM

Runtime error: Input past end of file: #LUMBER.DAT

Error(Exception)>>defaultAction
Error(Exception)>>activateHandler: <anUndefinedObject> 
Error(Exception)>>handle
Error(Exception)>>signal
Error class(Exception class)>>signal: <'Input past end of fi...'> 
BasicProgram(Object)>>error: <'Input past end of fi...'> 
BasicProgram>>terminateRun: <anError> 
[] in BasicProgram>>errorHandlerBlock
ExceptionHandler>>evaluateResponseBlock: <aBlockClosure> for: <anError> 
[] in ExceptionHandler>>handle:
ProtectedFrameMarker(BlockClosure)>>setUnwind: <aBlockClosure> 
BlockClosure>>invisibleEnsure: <aBlockClosure> 
ExceptionHandler>>handle: <anError> 
ExceptionHandler>>findHandler: <anError> 
Error(Exception)>>activateHandler: <anExceptionHandler> 
Error(Exception)>>handle
Error(Exception)>>signal
Error class(Exception class)>>signal: <'Input past end of fi...'> 
[] in InputCommand>>using:
BlockClosure>>value: <aBasicProgram> value: <'#LUMBER.DAT'> value: <'ItemNum'> 
BasicTripleParameterContextHolder>>value
[] in BasicProgram>>begin
ExceptionHandler>>evaluateProtectedBlock: <aBlockClosure> 
[] in ExceptionHandler>>activateDuring:
ProtectedFrameMarker(BlockClosure)>>setUnwind: <aBlockClosure> 
BlockClosure>>invisibleEnsure: <aBlockClosure> 
ExceptionHandler>>activateDuring: <aBlockClosure> 
ExceptionHandler class>>handle: <anError class> with: <aBlockClosure> during: <aBlockClosure> 
BlockClosure>>on: <anError class> do: <aBlockClosure> 
BasicProgram>>begin
BasicProgram>>run
[] in BasicSourcePane>>run
BasicCompiler class>>compileFromString: <'REM Timothy Lee
REM...'> notify: <aBasicSourcePane> ifSuccess: <aBlockClosure> 
BasicSourcePane>>run
BasicSourceWindow>>run
BasicEditorModel>>run: <aToolbarButton> 
ToolbarButton>>triggerClickedEvent
Message>>perform
NotificationManager>>runPendingEvents
NotificationManager>>runEventLoop
Message>>perform
Message>>evaluate
Process>>safelyEvaluate: <aMessage> 
Process>>evaluate: <aMessage> 


Error log timestamp Monday 03/05/12 03:43:00 PM

Runtime error: Input past end of file: #LUMBER.DAT

Error(Exception)>>defaultAction
Error(Exception)>>activateHandler: <anUndefinedObject> 
Error(Exception)>>handle
Error(Exception)>>signal
Error class(Exception class)>>signal: <'Input past end of fi...'> 
BasicProgram(Object)>>error: <'Input past end of fi...'> 
BasicProgram>>terminateRun: <anError> 
[] in BasicProgram>>errorHandlerBlock
ExceptionHandler>>evaluateResponseBlock: <aBlockClosure> for: <anError> 
[] in ExceptionHandler>>handle:
ProtectedFrameMarker(BlockClosure)>>setUnwind: <aBlockClosure> 
BlockClosure>>invisibleEnsure: <aBlockClosure> 
ExceptionHandler>>handle: <anError> 
ExceptionHandler>>findHandler: <anError> 
Error(Exception)>>activateHandler: <anExceptionHandler> 
Error(Exception)>>handle
Error(Exception)>>signal
Error class(Exception class)>>signal: <'Input past end of fi...'> 
[] in InputCommand>>using:
BlockClosure>>value: <aBasicProgram> value: <'#LUMBER.DAT'> value: <'ItemNum'> 
BasicTripleParameterContextHolder>>value
[] in BasicProgram>>begin
ExceptionHandler>>evaluateProtectedBlock: <aBlockClosure> 
[] in ExceptionHandler>>activateDuring:
ProtectedFrameMarker(BlockClosure)>>setUnwind: <aBlockClosure> 
BlockClosure>>invisibleEnsure: <aBlockClosure> 
ExceptionHandler>>activateDuring: <aBlockClosure> 
ExceptionHandler class>>handle: <anError class> with: <aBlockClosure> during: <aBlockClosure> 
BlockClosure>>on: <anError class> do: <aBlockClosure> 
BasicProgram>>begin
BasicProgram>>run
[] in BasicSourcePane>>run
BasicCompiler class>>compileFromString: <'REM Timothy Lee
REM...'> notify: <aBasicSourcePane> ifSuccess: <aBlockClosure> 
BasicSourcePane>>run
BasicSourceWindow>>run
BasicEditorModel>>run: <aToolbarButton> 
ToolbarButton>>triggerClickedEvent
Message>>perform
NotificationManager>>runPendingEvents
NotificationManager>>runEventLoop
Message>>perform
Message>>evaluate
Process>>safelyEvaluate: <aMessage> 
Process>>evaluate: <aMessage> 


Error log timestamp Monday 03/05/12 03:43:44 PM

Runtime error: Input past end of file: #LUMBER.DAT

Error(Exception)>>defaultAction
Error(Exception)>>activateHandler: <anUndefinedObject> 
Error(Exception)>>handle
Error(Exception)>>signal
Error class(Exception class)>>signal: <'Input past end of fi...'> 
BasicProgram(Object)>>error: <'Input past end of fi...'> 
BasicProgram>>terminateRun: <anError> 
[] in BasicProgram>>errorHandlerBlock
ExceptionHandler>>evaluateResponseBlock: <aBlockClosure> for: <anError> 
[] in ExceptionHandler>>handle:
ProtectedFrameMarker(BlockClosure)>>setUnwind: <aBlockClosure> 
BlockClosure>>invisibleEnsure: <aBlockClosure> 
ExceptionHandler>>handle: <anError> 
ExceptionHandler>>findHandler: <anError> 
Error(Exception)>>activateHandler: <anExceptionHandler> 
Error(Exception)>>handle
Error(Exception)>>signal
Error class(Exception class)>>signal: <'Input past end of fi...'> 
[] in InputCommand>>using:
BlockClosure>>value: <aBasicProgram> value: <'#LUMBER.DAT'> value: <'ItemNum'> 
BasicTripleParameterContextHolder>>value
[] in BasicProgram>>begin
ExceptionHandler>>evaluateProtectedBlock: <aBlockClosure> 
[] in ExceptionHandler>>activateDuring:
ProtectedFrameMarker(BlockClosure)>>setUnwind: <aBlockClosure> 
BlockClosure>>invisibleEnsure: <aBlockClosure> 
ExceptionHandler>>activateDuring: <aBlockClosure> 
ExceptionHandler class>>handle: <anError class> with: <aBlockClosure> during: <aBlockClosure> 
BlockClosure>>on: <anError class> do: <aBlockClosure> 
BasicProgram>>begin
BasicProgram>>run
[] in BasicSourcePane>>run
BasicCompiler class>>compileFromString: <'REM Timothy Lee
REM...'> notify: <aBasicSourcePane> ifSuccess: <aBlockClosure> 
BasicSourcePane>>run
BasicSourceWindow>>run
BasicEditorModel>>run: <aToolbarButton> 
BasicEditorModel(Object)>>perform: <#run:> with: <aToolbarButton> 
ToolbarButton>>triggerClickedEvent
Message>>perform
NotificationManager>>runPendingEvents
NotificationManager>>runEventLoop
Message>>perform
Message>>evaluate
Process>>safelyEvaluate: <aMessage> 
Process>>evaluate: <aMessage> 


Error log timestamp Monday 03/05/12 11:07:38 PM

Runtime error: Input past end of file: #LUMBER.DAT

Error(Exception)>>defaultAction
Error(Exception)>>activateHandler: <anUndefinedObject> 
Error(Exception)>>handle
Error(Exception)>>signal
Error class(Exception class)>>signal: <'Input past end of fi...'> 
BasicProgram(Object)>>error: <'Input past end of fi...'> 
BasicProgram>>terminateRun: <anError> 
[] in BasicProgram>>errorHandlerBlock
ExceptionHandler>>evaluateResponseBlock: <aBlockClosure> for: <anError> 
[] in ExceptionHandler>>handle:
ProtectedFrameMarker(BlockClosure)>>setUnwind: <aBlockClosure> 
BlockClosure>>invisibleEnsure: <aBlockClosure> 
ExceptionHandler>>handle: <anError> 
ExceptionHandler>>findHandler: <anError> 
Error(Exception)>>activateHandler: <anExceptionHandler> 
Error(Exception)>>handle
Error(Exception)>>signal
Error class(Exception class)>>signal: <'Input past end of fi...'> 
[] in InputCommand>>using:
BlockClosure>>value: <aBasicProgram> value: <'#LUMBER.DAT'> value: <'ItemNum'> 
BasicTripleParameterContextHolder>>value
[] in BasicProgram>>begin
ExceptionHandler>>evaluateProtectedBlock: <aBlockClosure> 
[] in ExceptionHandler>>activateDuring:
ProtectedFrameMarker(BlockClosure)>>setUnwind: <aBlockClosure> 
BlockClosure>>invisibleEnsure: <aBlockClosure> 
ExceptionHandler>>activateDuring: <aBlockClosure> 
ExceptionHandler class>>handle: <anError class> with: <aBlockClosure> during: <aBlockClosure> 
BlockClosure>>on: <anError class> do: <aBlockClosure> 
BasicProgram>>begin
BasicProgram>>run
[] in BasicSourcePane>>run
BasicCompiler class>>compileFromString: <'REM Timothy Lee
REM...'> notify: <aBasicSourcePane> ifSuccess: <aBlockClosure> 
BasicSourcePane>>run
BasicSourceWindow>>run
BasicEditorModel>>run: <aToolbarButton> 
ToolbarButton>>triggerClickedEvent
Message>>perform
NotificationManager>>runPendingEvents
NotificationManager>>runEventLoop
Message>>perform
Message>>evaluate
Process>>safelyEvaluate: <aMessage> 
Process>>evaluate: <aMessage> 


Error log timestamp Monday 03/05/12 11:08:41 PM

Runtime error: Input past end of file: #LUMBER.DAT

Error(Exception)>>defaultAction
Error(Exception)>>activateHandler: <anUndefinedObject> 
Error(Exception)>>handle
Error(Exception)>>signal
Error class(Exception class)>>signal: <'Input past end of fi...'> 
BasicProgram(Object)>>error: <'Input past end of fi...'> 
BasicProgram>>terminateRun: <anError> 
[] in BasicProgram>>errorHandlerBlock
ExceptionHandler>>evaluateResponseBlock: <aBlockClosure> for: <anError> 
[] in ExceptionHandler>>handle:
ProtectedFrameMarker(BlockClosure)>>setUnwind: <aBlockClosure> 
BlockClosure>>invisibleEnsure: <aBlockClosure> 
ExceptionHandler>>handle: <anError> 
ExceptionHandler>>findHandler: <anError> 
Error(Exception)>>activateHandler: <anExceptionHandler> 
Error(Exception)>>handle
Error(Exception)>>signal
Error class(Exception class)>>signal: <'Input past end of fi...'> 
[] in InputCommand>>using:
BlockClosure>>value: <aBasicProgram> value: <'#LUMBER.DAT'> value: <'ItemNum'> 
BasicTripleParameterContextHolder>>value
[] in BasicProgram>>begin
ExceptionHandler>>evaluateProtectedBlock: <aBlockClosure> 
[] in ExceptionHandler>>activateDuring:
ProtectedFrameMarker(BlockClosure)>>setUnwind: <aBlockClosure> 
BlockClosure>>invisibleEnsure: <aBlockClosure> 
ExceptionHandler>>activateDuring: <aBlockClosure> 
ExceptionHandler class>>handle: <anError class> with: <aBlockClosure> during: <aBlockClosure> 
BlockClosure>>on: <anError class> do: <aBlockClosure> 
BasicProgram>>begin
BasicProgram>>run
[] in BasicSourcePane>>run
BasicCompiler class>>compileFromString: <'REM Timothy Lee
REM...'> notify: <aBasicSourcePane> ifSuccess: <aBlockClosure> 
BasicSourcePane>>run
BasicSourceWindow>>run
BasicEditorModel>>run: <aToolbarButton> 
ToolbarButton>>triggerClickedEvent
Message>>perform
NotificationManager>>runPendingEvents
NotificationManager>>runEventLoop
Message>>perform
Message>>evaluate
Process>>safelyEvaluate: <aMessage> 
Process>>evaluate: <aMessage> 


Error log timestamp Monday 03/05/12 11:09:15 PM

Runtime error: Input past end of file: #LUMBER.DAT

Error(Exception)>>defaultAction
Error(Exception)>>activateHandler: <anUndefinedObject> 
Error(Exception)>>handle
Error(Exception)>>signal
Error class(Exception class)>>signal: <'Input past end of fi...'> 
BasicProgram(Object)>>error: <'Input past end of fi...'> 
BasicProgram>>terminateRun: <anError> 
[] in BasicProgram>>errorHandlerBlock
ExceptionHandler>>evaluateResponseBlock: <aBlockClosure> for: <anError> 
[] in ExceptionHandler>>handle:
ProtectedFrameMarker(BlockClosure)>>setUnwind: <aBlockClosure> 
BlockClosure>>invisibleEnsure: <aBlockClosure> 
ExceptionHandler>>handle: <anError> 
ExceptionHandler>>findHandler: <anError> 
Error(Exception)>>activateHandler: <anExceptionHandler> 
Error(Exception)>>handle
Error(Exception)>>signal
Error class(Exception class)>>signal: <'Input past end of fi...'> 
[] in InputCommand>>using:
BlockClosure>>value: <aBasicProgram> value: <'#LUMBER.DAT'> value: <'ItemNum'> 
BasicTripleParameterContextHolder>>value
[] in BasicProgram>>begin
ExceptionHandler>>evaluateProtectedBlock: <aBlockClosure> 
[] in ExceptionHandler>>activateDuring:
ProtectedFrameMarker(BlockClosure)>>setUnwind: <aBlockClosure> 
BlockClosure>>invisibleEnsure: <aBlockClosure> 
ExceptionHandler>>activateDuring: <aBlockClosure> 
ExceptionHandler class>>handle: <anError class> with: <aBlockClosure> during: <aBlockClosure> 
BlockClosure>>on: <anError class> do: <aBlockClosure> 
BasicProgram>>begin
BasicProgram>>run
[] in BasicSourcePane>>run
BasicCompiler class>>compileFromString: <'REM Timothy Lee
REM...'> notify: <aBasicSourcePane> ifSuccess: <aBlockClosure> 
BasicSourcePane>>run
BasicSourceWindow>>run
BasicEditorModel>>run: <aToolbarButton> 
ToolbarButton>>triggerClickedEvent
Message>>perform
NotificationManager>>runPendingEvents
NotificationManager>>runEventLoop
Message>>perform
Message>>evaluate
Process>>safelyEvaluate: <aMessage> 
Process>>evaluate: <aMessage> 
