

Error log timestamp Monday 02/27/12 02:02:04 AM

Runtime error: OS Error: The system cannot find the file specified.

Error(Exception)>>defaultAction
Error(Exception)>>activateHandler: <anUndefinedObject> 
Error(Exception)>>handle
Error(Exception)>>signal
Error class(Exception class)>>signal: <'OS Error: The system...'> 
BasicProgram(Object)>>error: <'OS Error: The system...'> 
BasicProgram>>terminateRun: <aFileError> 
[] in BasicProgram>>errorHandlerBlock
ExceptionHandler>>evaluateResponseBlock: <aBlockClosure> for: <aFileError> 
[] in ExceptionHandler>>handle:
ProtectedFrameMarker(BlockClosure)>>setUnwind: <aBlockClosure> 
BlockClosure>>invisibleEnsure: <aBlockClosure> 
ExceptionHandler>>handle: <aFileError> 
ExceptionHandler>>findHandler: <aFileError> 
FileError(Exception)>>activateHandler: <anExceptionHandler> 
FileError(Exception)>>handle
FileError(Exception)>>signal
FileError class>>signal: <'OS Error: The system...'> hostErrorCode: <2> 
HostFileSystemError>>defaultAction
ExceptionHandler>>findHandler: <aHostFileSystemError> 
HostFileSystemError(Exception)>>activateHandler: <anExceptionHandler> 
HostFileSystemError(Exception)>>handle
HostFileSystemError(Exception)>>signal
HostFileSystemError class>>signalWith: <2> 
FileHandle class>>osError: <2> 
FileHandle class(Object)>>osError
[] in FileHandle class>>open:access:share:create:attributes:
ExceptionHandler>>evaluateProtectedBlock: <aBlockClosure> 
[] in ExceptionHandler>>activateDuring:
ProtectedFrameMarker(BlockClosure)>>setUnwind: <aBlockClosure> 
BlockClosure>>invisibleEnsure: <aBlockClosure> 
ExceptionHandler>>activateDuring: <aBlockClosure> 
ExceptionHandler class>>handle: <anExceptionSet> with: <aBlockClosure> during: <aBlockClosure> 
BlockClosure>>on: <anExceptionSet> do: <aBlockClosure> 
FileHandle class>>open: <'C:\Users\judy\Deskto...'> access: <2147483648> share: <3> create: <3> attributes: <128> 
FileHandle class>>open: <'MOWERDATA.DAT'> in: <aDirectory> access: <2147483648> share: <3> create: <3> attributes: <128> 
FileHandle class>>openReadOnly: <'MOWERDATA.DAT'> in: <aDirectory> 
File>>openReadOnly
File>>readStream
File class>>pathNameReadOnly: <'MOWERDATA.DAT'> in: <aDirectory> 
Directory>>fileReadOnly: <'MOWERDATA.DAT'> 
BasicFile>>from: <'MOWERDATA.DAT'> mode: <'INPUT'> handle: <'#1'> 
BasicFile class>>from: <'MOWERDATA.DAT'> mode: <'INPUT'> handle: <'#1'> owner: <aBasicProgram> length: <anUndefinedObject> 
[] in OpenCommand>>using:
[] in BasicProgram>>begin
ExceptionHandler>>evaluateProtectedBlock: <aBlockClosure> 
[] in ExceptionHandler>>activateDuring:
ProtectedFrameMarker(BlockClosure)>>setUnwind: <aBlockClosure> 
BlockClosure>>invisibleEnsure: <aBlockClosure> 
ExceptionHandler>>activateDuring: <aBlockClosure> 
